<?xml version="1.0" encoding="UTF-8"?>
<!-- Generated by org.testng.reporters.JUnitReportReporter -->
<testsuite hostname="LTIN192554" failures="0" tests="4" name="TestCase.TestCase1_UpcomingBikeDetails" time="63.646" errors="0" timestamp="2024-02-15T11:36:29 IST" skipped="0">
  <testcase classname="TestCase.TestCase1_UpcomingBikeDetails" name="clickNewBikes" time="11.213"/>
  <testcase classname="TestCase.TestCase1_UpcomingBikeDetails" name="clickUpcomingBikes" time="20.525"/>
  <testcase classname="TestCase.TestCase1_UpcomingBikeDetails" name="clickNewBikes" time="12.464"/>
  <testcase classname="TestCase.TestCase1_UpcomingBikeDetails" name="clickUpcomingBikes" time="19.444"/>
</testsuite> <!-- TestCase.TestCase1_UpcomingBikeDetails -->
