<?xml version="1.0" encoding="UTF-8"?>
<!-- Generated by org.testng.reporters.JUnitReportReporter -->
<testsuite hostname="LTIN192554" failures="0" tests="2" name="TestCase.TestCase2_UsedCarsDetails" time="42.497" errors="0" timestamp="2024-02-15T11:36:29 IST" skipped="0">
  <testcase classname="TestCase.TestCase2_UsedCarsDetails" name="UsedCarDetails" time="19.329"/>
  <testcase classname="TestCase.TestCase2_UsedCarsDetails" name="UsedCarDetails" time="23.168"/>
</testsuite> <!-- TestCase.TestCase2_UsedCarsDetails -->
