<?xml version="1.0" encoding="UTF-8"?>
<!-- Generated by org.testng.reporters.JUnitReportReporter -->
<testsuite hostname="LTIN192554" failures="0" tests="2" name="TestCase.TestCase4_GoogleSignup" time="22.002" errors="0" timestamp="2024-02-15T11:36:29 IST" skipped="0">
  <testcase classname="TestCase.TestCase4_GoogleSignup" name="verifyLoginPage" time="11.729"/>
  <testcase classname="TestCase.TestCase4_GoogleSignup" name="verifyLoginPage" time="10.273"/>
</testsuite> <!-- TestCase.TestCase4_GoogleSignup -->
