<?xml version="1.0" encoding="UTF-8"?>
<!-- Generated by org.testng.reporters.JUnitReportReporter -->
<testsuite hostname="LTIN192554" failures="0" tests="2" name="TestCase.TestCase3_GoogleLogin" time="14.294" errors="0" timestamp="2024-02-15T11:36:29 IST" skipped="0">
  <testcase classname="TestCase.TestCase3_GoogleLogin" name="verifyLoginPage" time="5.159"/>
  <testcase classname="TestCase.TestCase3_GoogleLogin" name="verifyLoginPage" time="9.135"/>
</testsuite> <!-- TestCase.TestCase3_GoogleLogin -->
